2023-12-07 00:49:51 error: [DELETE] /api/v1/polls/2 >> StatusCode:: 500, Message:: Error deleting question
2023-12-07 01:01:43 error: [DELETE] /api/v1/polls/3 >> StatusCode:: 500, Message:: Error deleting question
2023-12-07 01:01:51 error: [GET] /api/v1/polls/user >> StatusCode:: 404, Message:: Poll not found
2023-12-07 01:02:17 error: [GET] /api/v1/questions >> StatusCode:: 404, Message:: question not found
2023-12-07 01:04:36 error: [DELETE] /api/v1/polls/4 >> StatusCode:: 500, Message:: Error deleting question
2023-12-07 01:06:06 error: [GET] /api/v1/polls/user >> StatusCode:: 404, Message:: Poll not found
2023-12-07 01:08:41 error: [DELETE] /api/v1/polls/5 >> StatusCode:: 500, Message:: Unable to delete poll
2023-12-07 01:09:06 error: [GET] /api/v1/questions >> StatusCode:: 404, Message:: question not found
2023-12-07 01:09:10 error: [GET] /api/v1/polls/user >> StatusCode:: 404, Message:: Poll not found
2023-12-07 01:10:13 error: [DELETE] /api/v1/polls/7 >> StatusCode:: 500, Message:: Error deleting question
2023-12-07 01:13:49 error: [POST] /api/v1/polls >> StatusCode:: 500, Message:: Unable to create Poll with Questions and Options
2023-12-07 01:13:55 error: [POST] /api/v1/polls >> StatusCode:: 500, Message:: Unable to create Poll with Questions and Options
2023-12-07 01:14:58 error: [DELETE] /api/v1/polls/1 >> StatusCode:: 500, Message:: Error deleting question
2023-12-07 01:17:34 error: [GET] /api/v1/questions >> StatusCode:: 404, Message:: question not found
2023-12-07 01:19:14 error: [DELETE] /api/v1/polls/2 >> StatusCode:: 500, Message:: Error deleting question
2023-12-07 01:21:26 error: [DELETE] /api/v1/polls/3 >> StatusCode:: 500, Message:: Error deleting question
2023-12-07 01:22:13 error: [GET] /api/v1/polls/user >> StatusCode:: 404, Message:: Poll not found
2023-12-07 01:22:23 error: [DELETE] /api/v1/polls/4 >> StatusCode:: 500, Message:: Error deleting question
2023-12-07 01:24:19 error: [DELETE] /api/v1/polls/5 >> StatusCode:: 500, Message:: Error deleting question
2023-12-07 01:25:43 error: [GET] /api/v1/questions >> StatusCode:: 404, Message:: question not found
2023-12-07 01:25:48 error: [GET] /api/v1/polls/user >> StatusCode:: 404, Message:: Poll not found
2023-12-07 01:26:32 error: [POST] /api/v1/polls >> StatusCode:: 500, Message:: Unable to create noticeTable 'alumini_test.notices' doesn't exist
2023-12-07 01:39:01 error: [DELETE] /api/v1/polls/12 >> StatusCode:: 500, Message:: Unable to delete poll
2023-12-07 01:39:37 error: [POST] /api/v1/polls >> StatusCode:: 500, Message:: Unable to create Poll with Questions and Options
2023-12-07 01:41:43 error: [GET] /api/v1/questions >> StatusCode:: 404, Message:: question not found
2023-12-07 01:41:48 error: [GET] /api/v1/questions >> StatusCode:: 404, Message:: question not found
2023-12-07 01:53:43 error: [GET] /api/v1/questions >> StatusCode:: 404, Message:: question not found
2023-12-07 01:53:48 error: [GET] /api/v1/polls/4 >> StatusCode:: 500, Message:: Cannot read properties of null (reading 'toJSON')
2023-12-07 01:55:14 error: [GET] /api/v1/questions >> StatusCode:: 404, Message:: question not found
2023-12-07 01:55:48 error: [DELETE] /api/v1/polls/13 >> StatusCode:: 404, Message:: Question not found
2023-12-07 01:55:55 error: [DELETE] /api/v1/polls/7 >> StatusCode:: 404, Message:: Question not found
2023-12-07 01:56:24 error: [GET] /api/v1/polls/user >> StatusCode:: 500, Message:: Error fetching polls
2023-12-07 01:56:31 error: [GET] /api/v1/questions >> StatusCode:: 500, Message:: Error fething questions
2023-12-07 01:56:44 error: [POST] /api/v1/polls >> StatusCode:: 500, Message:: Unable to create Poll with Questions and Options
2023-12-07 02:04:26 error: [GET] /api/v1/questions >> StatusCode:: 404, Message:: question not found
2023-12-07 02:05:11 error: [GET] /api/v1/questions >> StatusCode:: 404, Message:: question not found
2023-12-07 02:42:24 error: [GET] /api/v1/events >> StatusCode:: 500, Message:: Unknown column 'resetToken' in 'field list'
2023-12-07 02:42:55 error: [GET] /api/v1/notices >> StatusCode:: 500, Message:: Unknown column 'resetToken' in 'field list'
2023-12-07 02:47:19 error: [POST] /api/v1/users/login >> StatusCode:: 500, Message:: Unknown column 'resetToken' in 'field list'
2023-12-07 02:48:52 error: [POST] /api/v1/users/login >> StatusCode:: 500, Message:: Unknown column 'resetToken' in 'field list'
2023-12-07 09:58:33 error: [GET] /api/v1/polls/user >> StatusCode:: 404, Message:: Poll not found
2023-12-07 09:58:45 error: [GET] /api/v1/questions >> StatusCode:: 404, Message:: question not found
2023-12-07 10:15:00 error: [GET] /api/v1/polls/1 >> StatusCode:: 500, Message:: Cannot read properties of null (reading 'toJSON')
2023-12-07 10:15:07 error: [GET] /api/v1/polls/user >> StatusCode:: 404, Message:: Poll not found
2023-12-07 10:15:15 error: [GET] /api/v1/polls/1 >> StatusCode:: 500, Message:: Cannot read properties of null (reading 'toJSON')
2023-12-07 12:49:48 error: [POST] /api/v1/profiles >> StatusCode:: 500, Message:: Unable to create profile
2023-12-07 12:50:40 error: [POST] /api/v1/profiles >> StatusCode:: 500, Message:: Unable to create profile
2023-12-07 13:01:32 error: [POST] /api/v1/profiles >> StatusCode:: 500, Message:: Unable to create profile
2023-12-07 13:02:32 error: [POST] /api/v1/profiles >> StatusCode:: 500, Message:: Unable to create profile
2023-12-07 13:02:41 error: [POST] /api/v1/profiles >> StatusCode:: 500, Message:: Unable to create profile
2023-12-07 13:04:19 error: [POST] /api/v1/profiles >> StatusCode:: 500, Message:: Unable to create profile
2023-12-07 13:04:28 error: [POST] /api/v1/profiles >> StatusCode:: 500, Message:: Unable to create profile
2023-12-07 13:10:35 error: [POST] /api/v1/profiles >> StatusCode:: 500, Message:: Unable to create profile
2023-12-07 13:15:12 error: [POST] /api/v1/profiles >> StatusCode:: 500, Message:: Unable to create profile
2023-12-07 13:15:56 error: [POST] /api/v1/profiles >> StatusCode:: 500, Message:: Unable to create profile
2023-12-07 13:18:20 error: [POST] /api/v1/profiles >> StatusCode:: 500, Message:: Unable to create profile
2023-12-07 13:18:28 error: [POST] /api/v1/profiles >> StatusCode:: 500, Message:: Unable to create profile
2023-12-07 13:18:51 error: [POST] /api/v1/profiles >> StatusCode:: 500, Message:: Unable to create profile
2023-12-07 13:19:18 error: [POST] /api/v1/profiles >> StatusCode:: 500, Message:: Unable to create profile
2023-12-07 13:23:48 error: [POST] /api/v1/profiles >> StatusCode:: 500, Message:: Unable to create profile
2023-12-07 13:30:44 error: [POST] /api/v1/profiles >> StatusCode:: 400, Message:: Expected double-quoted property name in JSON at position 19
2023-12-07 13:30:49 error: [POST] /api/v1/profiles >> StatusCode:: 500, Message:: Unable to create profile
2023-12-07 13:31:35 error: [POST] /api/v1/profiles >> StatusCode:: 500, Message:: Unable to create profile
2023-12-07 13:35:17 error: [POST] /api/v1/profiles >> StatusCode:: 500, Message:: Unable to create profile
2023-12-07 14:27:18 error: [POST] /api/v1/profiles >> StatusCode:: 500, Message:: Unable to create profile
2023-12-07 14:53:57 error: [POST] /api/v1/profiles >> StatusCode:: 500, Message:: Unable to create profile
2023-12-07 14:54:12 error: [POST] /api/v1/profiles >> StatusCode:: 500, Message:: Unable to create profile
2023-12-07 14:56:06 error: [POST] /api/v1/profiles >> StatusCode:: 500, Message:: Unable to create profile
2023-12-07 15:19:07 error: [GET] /api/v1/profiles/user >> StatusCode:: 500, Message:: Error fetching profile
2023-12-07 16:26:38 error: [POST] /api/v1/profiles >> StatusCode:: 500, Message:: Unable to create profile
2023-12-07 17:26:20 error: [POST] /api/v1/profiles >> StatusCode:: 500, Message:: Unable to create profile
2023-12-07 18:50:26 error: [PATCH] /api/v1/profiles/1 >> StatusCode:: 500, Message:: Error fetching profile
2023-12-07 18:50:46 error: [PATCH] /api/v1/profiles/1 >> StatusCode:: 500, Message:: this.profileService.getProfileById(...).toJSON is not a function
2023-12-07 18:51:02 error: [PATCH] /api/v1/profiles/1 >> StatusCode:: 500, Message:: Error fetching profile
2023-12-07 18:54:27 error: [PATCH] /api/v1/profiles/1 >> StatusCode:: 500, Message:: Error fetching profile
2023-12-07 18:55:26 error: [PATCH] /api/v1/profiles/1 >> StatusCode:: 500, Message:: Error fetching profile
2023-12-07 18:55:40 error: [GET] /api/v1/profiles >> StatusCode:: 500, Message:: Unable to fetch profiles
